Using pre-set license
Built from '6000.0/release' branch; Version is '6000.0.44f1 (101c91f3a8fb) revision 1055889'; Using compiler version '193933523'; Build Type 'Release'
OS: 'Windows 11  (10.0.26100) 64bit Core' Language: 'es' Physical Memory: 16075 MB
BatchMode: 1, IsHumanControllingUs: 0, StartBugReporterOnCrash: 0, Is64bit: 1, IsPro: 1

COMMAND LINE ARGUMENTS:
C:\Program Files\Unity\Hub\Editor\6000.0.44f1\Editor\Unity.exe
-adb2
-batchMode
-noUpm
-name
AssetImportWorker0
-projectPath
C:/Users/pelay/UDC/Cuatri2/CIIE/3D/GameProject
-logFile
Logs/AssetImportWorker0.log
-srvPort
56321
-job-worker-count
3
-background-job-worker-count
8
-gc-helper-count
1
Successfully changed project path to: C:/Users/pelay/UDC/Cuatri2/CIIE/3D/GameProject
C:/Users/pelay/UDC/Cuatri2/CIIE/3D/GameProject
[UnityMemory] Configuration Parameters - Can be set up in boot.config
    "memorysetup-bucket-allocator-granularity=16"
    "memorysetup-bucket-allocator-bucket-count=8"
    "memorysetup-bucket-allocator-block-size=33554432"
    "memorysetup-bucket-allocator-block-count=8"
    "memorysetup-main-allocator-block-size=16777216"
    "memorysetup-thread-allocator-block-size=16777216"
    "memorysetup-gfx-main-allocator-block-size=16777216"
    "memorysetup-gfx-thread-allocator-block-size=16777216"
    "memorysetup-cache-allocator-block-size=4194304"
    "memorysetup-typetree-allocator-block-size=2097152"
    "memorysetup-profiler-bucket-allocator-granularity=16"
    "memorysetup-profiler-bucket-allocator-bucket-count=8"
    "memorysetup-profiler-bucket-allocator-block-size=33554432"
    "memorysetup-profiler-bucket-allocator-block-count=8"
    "memorysetup-profiler-allocator-block-size=16777216"
    "memorysetup-profiler-editor-allocator-block-size=1048576"
    "memorysetup-temp-allocator-size-main=16777216"
    "memorysetup-job-temp-allocator-block-size=2097152"
    "memorysetup-job-temp-allocator-block-size-background=1048576"
    "memorysetup-job-temp-allocator-reduction-small-platforms=262144"
    "memorysetup-allocator-temp-initial-block-size-main=262144"
    "memorysetup-allocator-temp-initial-block-size-worker=262144"
    "memorysetup-temp-allocator-size-background-worker=32768"
    "memorysetup-temp-allocator-size-job-worker=262144"
    "memorysetup-temp-allocator-size-preload-manager=33554432"
    "memorysetup-temp-allocator-size-nav-mesh-worker=65536"
    "memorysetup-temp-allocator-size-audio-worker=65536"
    "memorysetup-temp-allocator-size-cloud-worker=32768"
    "memorysetup-temp-allocator-size-gi-baking-worker=262144"
    "memorysetup-temp-allocator-size-gi-baking-worker=262144"
    "memorysetup-temp-allocator-size-gi-baking-worker=262144"
    "memorysetup-temp-allocator-size-gi-baking-worker=262144"
    "memorysetup-temp-allocator-size-gi-baking-worker=262144"
    "memorysetup-temp-allocator-size-gfx=262144"
Player connection [2500]  Target information:

Player connection [2500]  * "[IP] 192.168.192.1 [Port] 0 [Flags] 2 [Guid] 2514652169 [EditorId] 2514652169 [Version] 1048832 [Id] WindowsEditor(7,DESKTOP-ALSP9RM) [Debug] 1 [PackageName] WindowsEditor [ProjectName] Editor" 

Player connection [2500]  * "[IP] 192.168.116.1 [Port] 0 [Flags] 2 [Guid] 2514652169 [EditorId] 2514652169 [Version] 1048832 [Id] WindowsEditor(7,DESKTOP-ALSP9RM) [Debug] 1 [PackageName] WindowsEditor [ProjectName] Editor" 

Player connection [2500]  * "[IP] 192.168.56.1 [Port] 0 [Flags] 2 [Guid] 2514652169 [EditorId] 2514652169 [Version] 1048832 [Id] WindowsEditor(7,DESKTOP-ALSP9RM) [Debug] 1 [PackageName] WindowsEditor [ProjectName] Editor" 

Player connection [2500]  * "[IP] 172.29.208.1 [Port] 0 [Flags] 2 [Guid] 2514652169 [EditorId] 2514652169 [Version] 1048832 [Id] WindowsEditor(7,DESKTOP-ALSP9RM) [Debug] 1 [PackageName] WindowsEditor [ProjectName] Editor" 

Player connection [2500]  * "[IP] 172.26.0.153 [Port] 0 [Flags] 2 [Guid] 2514652169 [EditorId] 2514652169 [Version] 1048832 [Id] WindowsEditor(7,DESKTOP-ALSP9RM) [Debug] 1 [PackageName] WindowsEditor [ProjectName] Editor" 

Player connection [2500] Host joined multi-casting on [225.0.0.222:54997]...
Player connection [2500] Host joined alternative multi-casting on [225.0.0.222:34997]...
JobSystem: Creating JobQueue using job-worker-count value 3
Input System module state changed to: Initialized.
[Physics::Module] Initialized fallback backend.
[Physics::Module] Id: 0xdecafbad
Library Redirect Path: Library/
[Physics::Module] Selected backend.
[Physics::Module] Name: PhysX
[Physics::Module] Id: 0xf2b8ea05
[Physics::Module] SDK Version: 4.1.2
[Physics::Module] Integration Version: 1.0.0
[Physics::Module] Threading Mode: Multi-Threaded
Refreshing native plugins compatible for Editor in 6.78 ms, found 3 plugins.
Preloading 0 native plugins for Editor in 0.00 ms.
Initialize engine version: 6000.0.44f1 (101c91f3a8fb)
[Subsystems] Discovering subsystems at path C:/Program Files/Unity/Hub/Editor/6000.0.44f1/Editor/Data/Resources/UnitySubsystems
[Subsystems] Discovering subsystems at path C:/Users/pelay/UDC/Cuatri2/CIIE/3D/GameProject/Assets
GfxDevice: creating device client; kGfxThreadingModeNonThreaded
Direct3D:
    Version:         Direct3D 12 [level 12.1]
    Renderer:        NVIDIA GeForce RTX 3060 Laptop GPU (ID=0x2520)
    Vendor:          NVIDIA
    VRAM:            5996 MB
    App VRAM Budget: 5228 MB
    Driver:          32.0.15.5597
Initialize mono
Mono path[0] = 'C:/Program Files/Unity/Hub/Editor/6000.0.44f1/Editor/Data/Managed'
Mono path[1] = 'C:/Program Files/Unity/Hub/Editor/6000.0.44f1/Editor/Data/MonoBleedingEdge/lib/mono/unityjit-win32'
Mono config path = 'C:/Program Files/Unity/Hub/Editor/6000.0.44f1/Editor/Data/MonoBleedingEdge/etc'
Using monoOptions --debugger-agent=transport=dt_socket,embedding=1,server=y,suspend=n,address=127.0.0.1:56948
Begin MonoManager ReloadAssembly
Registering precompiled unity dll's ...
Register platform support module: C:/Program Files/Unity/Hub/Editor/6000.0.44f1/Editor/Data/PlaybackEngines/WebGLSupport/UnityEditor.WebGL.Extensions.dll
Register platform support module: C:/Program Files/Unity/Hub/Editor/6000.0.44f1/Editor/Data/PlaybackEngines/WindowsStandaloneSupport/UnityEditor.WindowsStandalone.Extensions.dll
Registered in 0.007501 seconds.
- Loaded All Assemblies, in  0.623 seconds
Native extension for WindowsStandalone target not found
Native extension for WebGL target not found
Mono: successfully reloaded assembly
- Finished resetting the current domain, in  0.595 seconds
Domain Reload Profiling: 1213ms
	BeginReloadAssembly (193ms)
		ExecutionOrderSort (0ms)
		DisableScriptedObjects (0ms)
		BackupInstance (0ms)
		ReleaseScriptingObjects (0ms)
		CreateAndSetChildDomain (1ms)
	RebuildCommonClasses (54ms)
	RebuildNativeTypeToScriptingClass (17ms)
	initialDomainReloadingComplete (76ms)
	LoadAllAssembliesAndSetupDomain (277ms)
		LoadAssemblies (189ms)
		RebuildTransferFunctionScriptingTraits (0ms)
		AnalyzeDomain (271ms)
			TypeCache.Refresh (268ms)
				TypeCache.ScanAssembly (246ms)
			BuildScriptInfoCaches (0ms)
			ResolveRequiredComponents (1ms)
	FinalizeReload (596ms)
		ReleaseScriptCaches (0ms)
		RebuildScriptCaches (0ms)
		SetupLoadedEditorAssemblies (523ms)
			LogAssemblyErrors (0ms)
			InitializePlatformSupportModulesInManaged (34ms)
			SetLoadedEditorAssemblies (7ms)
			BeforeProcessingInitializeOnLoad (85ms)
			ProcessInitializeOnLoadAttributes (310ms)
			ProcessInitializeOnLoadMethodAttributes (87ms)
			AfterProcessingInitializeOnLoad (0ms)
			EditorAssembliesLoaded (0ms)
		ExecutionOrderSort2 (0ms)
		AwakeInstancesAfterBackupRestoration (0ms)
========================================================================
Worker process is ready to serve import requests
Import Worker Mode flag is 0x00
Begin MonoManager ReloadAssembly
- Loaded All Assemblies, in  1.420 seconds
'Packages/com.unity.render-pipelines.high-definition/Editor/Wizard/HDWizard.UIElement.cs' contains partial class of Unity.Object, exactly 1 of the partial classes needs to be in a file with the same filename. This is to know the one that can be referenced from ie. GameObjects
'Packages/com.unity.render-pipelines.high-definition/Editor/Wizard/HDWizard.Configuration.cs' contains partial class of Unity.Object, exactly 1 of the partial classes needs to be in a file with the same filename. This is to know the one that can be referenced from ie. GameObjects
'Packages/com.unity.render-pipelines.high-definition/Editor/Wizard/HDWizard.Window.cs' contains partial class of Unity.Object, exactly 1 of the partial classes needs to be in a file with the same filename. This is to know the one that can be referenced from ie. GameObjects
Refreshing native plugins compatible for Editor in 1.30 ms, found 3 plugins.
Native extension for WindowsStandalone target not found
Native extension for WebGL target not found
Mono: successfully reloaded assembly
- Finished resetting the current domain, in  1.450 seconds
Domain Reload Profiling: 2859ms
	BeginReloadAssembly (237ms)
		ExecutionOrderSort (0ms)
		DisableScriptedObjects (8ms)
		BackupInstance (0ms)
		ReleaseScriptingObjects (0ms)
		CreateAndSetChildDomain (42ms)
	RebuildCommonClasses (53ms)
	RebuildNativeTypeToScriptingClass (19ms)
	initialDomainReloadingComplete (60ms)
	LoadAllAssembliesAndSetupDomain (1039ms)
		LoadAssemblies (651ms)
		RebuildTransferFunctionScriptingTraits (0ms)
		AnalyzeDomain (529ms)
			TypeCache.Refresh (410ms)
				TypeCache.ScanAssembly (382ms)
			BuildScriptInfoCaches (97ms)
			ResolveRequiredComponents (17ms)
	FinalizeReload (1451ms)
		ReleaseScriptCaches (0ms)
		RebuildScriptCaches (0ms)
		SetupLoadedEditorAssemblies (1212ms)
			LogAssemblyErrors (0ms)
			InitializePlatformSupportModulesInManaged (3ms)
			SetLoadedEditorAssemblies (6ms)
			BeforeProcessingInitializeOnLoad (177ms)
			ProcessInitializeOnLoadAttributes (449ms)
			ProcessInitializeOnLoadMethodAttributes (567ms)
			AfterProcessingInitializeOnLoad (9ms)
			EditorAssembliesLoaded (0ms)
		ExecutionOrderSort2 (0ms)
		AwakeInstancesAfterBackupRestoration (11ms)
Launched and connected shader compiler UnityShaderCompiler.exe after 0.03 seconds
Refreshing native plugins compatible for Editor in 2.14 ms, found 3 plugins.
Preloading 0 native plugins for Editor in 0.00 ms.
Unloading 520 Unused Serialized files (Serialized files now loaded: 0)
Unloading 7148 unused Assets / (6.3 MB). Loaded Objects now: 8144.
Memory consumption went from 277.0 MB to 270.7 MB.
Total: 16.065200 ms (FindLiveObjects: 1.237700 ms CreateObjectMapping: 2.811100 ms MarkObjects: 6.467700 ms  DeleteObjects: 5.546800 ms)

========================================================================
Received Import Request.
  Time since last request: 943175.444926 seconds.
  path: Assets/MediumMechStriker/FBX/MediumMechStriker/Materials/MediumMechStrikerBlue.mat
  artifactKey: Guid(2d306e2f40d5872469a1ebc3e86e2cea) Importer(815301076,1909f56bfc062723c751e8b465ee728b)
Start importing Assets/MediumMechStriker/FBX/MediumMechStriker/Materials/MediumMechStrikerBlue.mat using Guid(2d306e2f40d5872469a1ebc3e86e2cea) Importer(815301076,1909f56bfc062723c751e8b465ee728b) (PreviewImporter) -> (artifact id: 'b5a2f05b60a70020f4051c159ce86417') in 3.4544383 seconds
Number of updated asset objects reloaded before import = 0Number of asset objects unloaded after import = 50

========================================================================
Received Import Request.
  Time since last request: 38.052633 seconds.
  path: Assets/MediumMechStriker/FBX/MediumMechStriker/Materials/MediumMechStrikerRed_MaskMap.png
  artifactKey: Guid(3df643de892791d449880608aba1795b) Importer(815301076,1909f56bfc062723c751e8b465ee728b)
Start importing Assets/MediumMechStriker/FBX/MediumMechStriker/Materials/MediumMechStrikerRed_MaskMap.png using Guid(3df643de892791d449880608aba1795b) Importer(815301076,1909f56bfc062723c751e8b465ee728b) (PreviewImporter) -> (artifact id: 'd86dc476d069761ff5cbaeec7f654a68') in 0.0609443 seconds
Number of updated asset objects reloaded before import = 0Number of asset objects unloaded after import = 2

========================================================================
Received Import Request.
  Time since last request: 115.103449 seconds.
  path: Assets/MediumMechStriker/FBX/MediumMechStriker/Materials/MediumMechStrikerRed.mat
  artifactKey: Guid(9f8a246b10b2ada4993a4434635df100) Importer(815301076,1909f56bfc062723c751e8b465ee728b)
Start importing Assets/MediumMechStriker/FBX/MediumMechStriker/Materials/MediumMechStrikerRed.mat using Guid(9f8a246b10b2ada4993a4434635df100) Importer(815301076,1909f56bfc062723c751e8b465ee728b) (PreviewImporter) -> (artifact id: '14a5c9d56249bea4d5de3cead7f423e9') in 0.181948 seconds
Number of updated asset objects reloaded before import = 0Number of asset objects unloaded after import = 7

========================================================================
Received Import Request.
  Time since last request: 41.220878 seconds.
  path: Assets/MediumMechStriker/FBX/MediumMechStriker/Materials/MediumMechStrikerWhite.mat
  artifactKey: Guid(c9910719dc6474b4da4fb1ca51c03c62) Importer(815301076,1909f56bfc062723c751e8b465ee728b)
Start importing Assets/MediumMechStriker/FBX/MediumMechStriker/Materials/MediumMechStrikerWhite.mat using Guid(c9910719dc6474b4da4fb1ca51c03c62) Importer(815301076,1909f56bfc062723c751e8b465ee728b) (PreviewImporter) -> (artifact id: '4e82df28747bf7d81f40669b64e47b31') in 0.2158505 seconds
Number of updated asset objects reloaded before import = 0Number of asset objects unloaded after import = 7

========================================================================
Received Import Request.
  Time since last request: 0.000077 seconds.
  path: Assets/MediumMechStriker/FBX/MediumMechStriker/Materials/MediumMechStrikerYellow_MaskMap.png
  artifactKey: Guid(8c21d1037dc22f94cbc82a2fa8deb16b) Importer(815301076,1909f56bfc062723c751e8b465ee728b)
Start importing Assets/MediumMechStriker/FBX/MediumMechStriker/Materials/MediumMechStrikerYellow_MaskMap.png using Guid(8c21d1037dc22f94cbc82a2fa8deb16b) Importer(815301076,1909f56bfc062723c751e8b465ee728b) (PreviewImporter) -> (artifact id: '5d8f383ebe596e2b1a9d937bc813127f') in 0.0282962 seconds
Number of updated asset objects reloaded before import = 0Number of asset objects unloaded after import = 2

========================================================================
Received Import Request.
  Time since last request: 275.639514 seconds.
  path: Assets/MediumMechStriker/Prefabs/ScifiMechStandardWeapons/BallisticWeapons/ScifiMech20cmCanonBarrel.prefab
  artifactKey: Guid(6e07d7bffb62d0a46848e6ccfdef6384) Importer(815301076,1909f56bfc062723c751e8b465ee728b)
Start importing Assets/MediumMechStriker/Prefabs/ScifiMechStandardWeapons/BallisticWeapons/ScifiMech20cmCanonBarrel.prefab using Guid(6e07d7bffb62d0a46848e6ccfdef6384) Importer(815301076,1909f56bfc062723c751e8b465ee728b) (PreviewImporter) -> (artifact id: 'bf1dede8ce89b568d7dc89515208dad8') in 0.0967707 seconds
Number of updated asset objects reloaded before import = 0Number of asset objects unloaded after import = 14

========================================================================
Received Import Request.
  Time since last request: 2.613891 seconds.
  path: Assets/MediumMechStriker/Prefabs/ScifiMechStandardWeapons/EnergyWeapons/ScifiMechMediumStandardLaser.prefab
  artifactKey: Guid(8d9e9ce6c1eff8a458b196c00635e92e) Importer(815301076,1909f56bfc062723c751e8b465ee728b)
Start importing Assets/MediumMechStriker/Prefabs/ScifiMechStandardWeapons/EnergyWeapons/ScifiMechMediumStandardLaser.prefab using Guid(8d9e9ce6c1eff8a458b196c00635e92e) Importer(815301076,1909f56bfc062723c751e8b465ee728b) (PreviewImporter) -> (artifact id: '8af80664ca4e1f9c359c1609cb6daa3b') in 0.0613752 seconds
Number of updated asset objects reloaded before import = 0Number of asset objects unloaded after import = 14

========================================================================
Received Import Request.
  Time since last request: 0.880355 seconds.
  path: Assets/MediumMechStriker/Prefabs/ScifiMechStandardWeapons/LRMRacks/ScifiMechLRMRackX5.prefab
  artifactKey: Guid(c9df925046b507348803164d00da66e4) Importer(815301076,1909f56bfc062723c751e8b465ee728b)
Start importing Assets/MediumMechStriker/Prefabs/ScifiMechStandardWeapons/LRMRacks/ScifiMechLRMRackX5.prefab using Guid(c9df925046b507348803164d00da66e4) Importer(815301076,1909f56bfc062723c751e8b465ee728b) (PreviewImporter) -> (artifact id: 'd5faeec6a64955ed0e41fbc1ff8062ae') in 0.078877 seconds
Number of updated asset objects reloaded before import = 0Number of asset objects unloaded after import = 14

========================================================================
Received Import Request.
  Time since last request: 17.076995 seconds.
  path: Assets/MediumMechStriker/Prefabs/ScifiMechStandardWeapons/MG/ScifiMechMGBarrel.prefab
  artifactKey: Guid(b27ca794a77012347bd0c4b192ed7eca) Importer(815301076,1909f56bfc062723c751e8b465ee728b)
Start importing Assets/MediumMechStriker/Prefabs/ScifiMechStandardWeapons/MG/ScifiMechMGBarrel.prefab using Guid(b27ca794a77012347bd0c4b192ed7eca) Importer(815301076,1909f56bfc062723c751e8b465ee728b) (PreviewImporter) -> (artifact id: '1a9f29b4cd197c247efa7b010210fc66') in 0.058352 seconds
Number of updated asset objects reloaded before import = 0Number of asset objects unloaded after import = 14

========================================================================
Received Import Request.
  Time since last request: 0.785334 seconds.
  path: Assets/MediumMechStriker/Prefabs/ScifiMechStandardWeapons/SRMRacks/ScifiMechSRMRackX2.prefab
  artifactKey: Guid(4b1e767dbbc33d743ba03c220cbe9ca9) Importer(815301076,1909f56bfc062723c751e8b465ee728b)
Start importing Assets/MediumMechStriker/Prefabs/ScifiMechStandardWeapons/SRMRacks/ScifiMechSRMRackX2.prefab using Guid(4b1e767dbbc33d743ba03c220cbe9ca9) Importer(815301076,1909f56bfc062723c751e8b465ee728b) (PreviewImporter) -> (artifact id: 'fcb14c81429bdea3d1a506e1d4a1ef17') in 0.0630235 seconds
Number of updated asset objects reloaded before import = 0Number of asset objects unloaded after import = 14

========================================================================
Received Import Request.
  Time since last request: 6.794070 seconds.
  path: Assets/MediumMechStriker/Textures/ScifiMechStandardWeapons/ScifiMechWeaponsAlbedo.png
  artifactKey: Guid(0691ef5e37f97534b8e65a5ec02a770b) Importer(815301076,1909f56bfc062723c751e8b465ee728b)
Start importing Assets/MediumMechStriker/Textures/ScifiMechStandardWeapons/ScifiMechWeaponsAlbedo.png using Guid(0691ef5e37f97534b8e65a5ec02a770b) Importer(815301076,1909f56bfc062723c751e8b465ee728b) (PreviewImporter) -> (artifact id: 'a034b8258d5948cf045836c2379b469b') in 0.0219361 seconds
Number of updated asset objects reloaded before import = 0Number of asset objects unloaded after import = 2

========================================================================
Received Import Request.
  Time since last request: 17.274234 seconds.
  path: Assets/MediumMechStriker/FBX/MediumMechStriker/MediumMechStriker.fbx
  artifactKey: Guid(b0c68e6eb763a604694ce6e49557bfb4) Importer(815301076,1909f56bfc062723c751e8b465ee728b)
Start importing Assets/MediumMechStriker/FBX/MediumMechStriker/MediumMechStriker.fbx using Guid(b0c68e6eb763a604694ce6e49557bfb4) Importer(815301076,1909f56bfc062723c751e8b465ee728b) (PreviewImporter) -> (artifact id: '229e5df3d9ae88d0314023535f3b7103') in 0.3507903 seconds
Number of updated asset objects reloaded before import = 0Number of asset objects unloaded after import = 102

========================================================================
Received Import Request.
  Time since last request: 0.000063 seconds.
  path: Assets/MediumMechStriker/FBX/MediumMechStriker/ScifiMechDestroyedJoint.fbx
  artifactKey: Guid(493dab119d07ddd44b3b59dc3dff4889) Importer(815301076,1909f56bfc062723c751e8b465ee728b)
Start importing Assets/MediumMechStriker/FBX/MediumMechStriker/ScifiMechDestroyedJoint.fbx using Guid(493dab119d07ddd44b3b59dc3dff4889) Importer(815301076,1909f56bfc062723c751e8b465ee728b) (PreviewImporter) -> (artifact id: '6ce742487b049d069bbc62174db5c3fc') in 0.1182531 seconds
Number of updated asset objects reloaded before import = 0Number of asset objects unloaded after import = 14

========================================================================
Received Import Request.
  Time since last request: 0.000079 seconds.
  path: Assets/MediumMechStriker/FBX/MediumMechStriker/MediumMechStrikerDestroyedArmRight.fbx
  artifactKey: Guid(01152d4da5a35a5458bbffe6bd211805) Importer(815301076,1909f56bfc062723c751e8b465ee728b)
Start importing Assets/MediumMechStriker/FBX/MediumMechStriker/MediumMechStrikerDestroyedArmRight.fbx using Guid(01152d4da5a35a5458bbffe6bd211805) Importer(815301076,1909f56bfc062723c751e8b465ee728b) (PreviewImporter) -> (artifact id: '625b51d38fb052a51919fb8d8a602389') in 0.1233575 seconds
Number of updated asset objects reloaded before import = 0Number of asset objects unloaded after import = 14

========================================================================
Received Import Request.
  Time since last request: 4.757102 seconds.
  path: Assets/MediumMechStriker/FBX/ScifiMechAmmunition/ScifiMechHeavyCanonCartridge.fbx
  artifactKey: Guid(9eec602f06dea584bb0f2e00108a68dd) Importer(815301076,1909f56bfc062723c751e8b465ee728b)
Start importing Assets/MediumMechStriker/FBX/ScifiMechAmmunition/ScifiMechHeavyCanonCartridge.fbx using Guid(9eec602f06dea584bb0f2e00108a68dd) Importer(815301076,1909f56bfc062723c751e8b465ee728b) (PreviewImporter) -> (artifact id: 'd860077465f4349091588d0a320bd83f') in 0.0593961 seconds
Number of updated asset objects reloaded before import = 0Number of asset objects unloaded after import = 14

========================================================================
Received Import Request.
  Time since last request: 0.000043 seconds.
  path: Assets/MediumMechStriker/FBX/ScifiMechAmmunition/ScifiMechStandardSRM.fbx
  artifactKey: Guid(38232464269c2794ba1bcc932461a050) Importer(815301076,1909f56bfc062723c751e8b465ee728b)
Start importing Assets/MediumMechStriker/FBX/ScifiMechAmmunition/ScifiMechStandardSRM.fbx using Guid(38232464269c2794ba1bcc932461a050) Importer(815301076,1909f56bfc062723c751e8b465ee728b) (PreviewImporter) -> (artifact id: '5a239fe3d6633909e18ff4c95a17ffa3') in 0.0648866 seconds
Number of updated asset objects reloaded before import = 0Number of asset objects unloaded after import = 14

========================================================================
Received Import Request.
  Time since last request: 0.000035 seconds.
  path: Assets/MediumMechStriker/FBX/ScifiMechAmmunition/ScifiMechLighCanonProjectile.fbx
  artifactKey: Guid(5feddf93f748ddd4d850915df7ffd7fe) Importer(815301076,1909f56bfc062723c751e8b465ee728b)
Start importing Assets/MediumMechStriker/FBX/ScifiMechAmmunition/ScifiMechLighCanonProjectile.fbx using Guid(5feddf93f748ddd4d850915df7ffd7fe) Importer(815301076,1909f56bfc062723c751e8b465ee728b) (PreviewImporter) -> (artifact id: 'b154490760f40ad6dffa1bdaf6573888') in 0.0508257 seconds
Number of updated asset objects reloaded before import = 0Number of asset objects unloaded after import = 14

========================================================================
Received Import Request.
  Time since last request: 0.000116 seconds.
  path: Assets/MediumMechStriker/FBX/ScifiMechAmmunition/ScifiMechStandardLRM.fbx
  artifactKey: Guid(70ee44408e91cc14fb386304e89951ed) Importer(815301076,1909f56bfc062723c751e8b465ee728b)
Start importing Assets/MediumMechStriker/FBX/ScifiMechAmmunition/ScifiMechStandardLRM.fbx using Guid(70ee44408e91cc14fb386304e89951ed) Importer(815301076,1909f56bfc062723c751e8b465ee728b) (PreviewImporter) -> (artifact id: '67e5aafc3ba0f74d4c2b46d5176d4611') in 0.0520674 seconds
Number of updated asset objects reloaded before import = 0Number of asset objects unloaded after import = 14

========================================================================
Received Import Request.
  Time since last request: 2.455652 seconds.
  path: Assets/MediumMechStriker/FBX/ScifiMechDecals/Decal02.fbx
  artifactKey: Guid(76c2b4588638d884ca91a06a7b81df55) Importer(815301076,1909f56bfc062723c751e8b465ee728b)
Start importing Assets/MediumMechStriker/FBX/ScifiMechDecals/Decal02.fbx using Guid(76c2b4588638d884ca91a06a7b81df55) Importer(815301076,1909f56bfc062723c751e8b465ee728b) (PreviewImporter) -> (artifact id: '7673e64bbf7e14c889ac64ad74d42b56') in 18.9194328 seconds
Number of updated asset objects reloaded before import = 0Number of asset objects unloaded after import = 9

========================================================================
Received Import Request.
  Time since last request: 0.000044 seconds.
  path: Assets/MediumMechStriker/FBX/ScifiMechDecals/DecalHeavyHit.fbx
  artifactKey: Guid(9b596e8f69e333e44955055ebeedc682) Importer(815301076,1909f56bfc062723c751e8b465ee728b)
Start importing Assets/MediumMechStriker/FBX/ScifiMechDecals/DecalHeavyHit.fbx using Guid(9b596e8f69e333e44955055ebeedc682) Importer(815301076,1909f56bfc062723c751e8b465ee728b) (PreviewImporter) -> (artifact id: '9d0ac33057599a82846def173947ad2f') in 0.0635795 seconds
Number of updated asset objects reloaded before import = 0Number of asset objects unloaded after import = 9

========================================================================
Received Import Request.
  Time since last request: 0.000049 seconds.
  path: Assets/MediumMechStriker/FBX/ScifiMechDecals/DecalSkull.fbx
  artifactKey: Guid(38ea6c99df534ce4090534302fefba08) Importer(815301076,1909f56bfc062723c751e8b465ee728b)
Start importing Assets/MediumMechStriker/FBX/ScifiMechDecals/DecalSkull.fbx using Guid(38ea6c99df534ce4090534302fefba08) Importer(815301076,1909f56bfc062723c751e8b465ee728b) (PreviewImporter) -> (artifact id: 'bfa126a54e583572c7a8f4dd5738a95e') in 0.0699927 seconds
Number of updated asset objects reloaded before import = 0Number of asset objects unloaded after import = 9

========================================================================
Received Import Request.
  Time since last request: 0.000049 seconds.
  path: Assets/MediumMechStriker/FBX/ScifiMechDecals/Materials/ScifiMechDecals.mat
  artifactKey: Guid(192fe0bda20ca964aaa0060989057dda) Importer(815301076,1909f56bfc062723c751e8b465ee728b)
Start importing Assets/MediumMechStriker/FBX/ScifiMechDecals/Materials/ScifiMechDecals.mat using Guid(192fe0bda20ca964aaa0060989057dda) Importer(815301076,1909f56bfc062723c751e8b465ee728b) (PreviewImporter) -> (artifact id: 'f414e16aa75b84958c4ee2803af6ff9e') in 0.0422813 seconds
Number of updated asset objects reloaded before import = 0Number of asset objects unloaded after import = 2

